=== RUNNING for 3 clusters ===
→ Using cuisines for 3 clusters: ['pizza', 'sashimi', 'ramen']
Encoding images: 100%|█████████████████████████████████████████████████████████████████████████████████████████████████████████████████████████████████████████████████████████████████████████████████████████████████████████████████████████████████████████████████████████████████| 146/146 [00:12<00:00, 11.55it/s]

-- Supervision = 2.05% --
 Trial 1/10:
  → X-cluster purity: 0.801,  NMI: 0.474
  → Y-cluster purity: 0.904,  NMI: 0.698
Intel MKL WARNING: Support of Intel(R) Streaming SIMD Extensions 4.2 (Intel(R) SSE4.2) enabled only processors has been deprecated. Intel oneAPI Math Kernel Library 2025.0 will require Intel(R) Advanced Vector Extensions (Intel(R) AVX) instructions.
    BKM          MAE = 0.0108
    BKM_soft     MAE = 0.0111
    GNNBridge    MAE = 0.0101
    KNN          MAE = 0.0132
 Trial 2/10:
  → X-cluster purity: 0.801,  NMI: 0.474
  → Y-cluster purity: 0.952,  NMI: 0.827
    BKM          MAE = 0.0100
    BKM_soft     MAE = 0.0107
    GNNBridge    MAE = 0.0100
    KNN          MAE = 0.0117
 Trial 3/10:
  → X-cluster purity: 0.801,  NMI: 0.474
  → Y-cluster purity: 0.916,  NMI: 0.723
    BKM          MAE = 0.0098
    BKM_soft     MAE = 0.0107
    GNNBridge    MAE = 0.0099
    KNN          MAE = 0.0095
 Trial 4/10:
  → X-cluster purity: 0.801,  NMI: 0.474
  → Y-cluster purity: 0.916,  NMI: 0.723
    BKM          MAE = 0.0102
    BKM_soft     MAE = 0.0109
    GNNBridge    MAE = 0.0103
    KNN          MAE = 0.0113
 Trial 5/10:
  → X-cluster purity: 0.801,  NMI: 0.474
  → Y-cluster purity: 0.952,  NMI: 0.842
    BKM          MAE = 0.0106
    BKM_soft     MAE = 0.0110
    GNNBridge    MAE = 0.0103
    KNN          MAE = 0.0097
 Trial 6/10:
  → X-cluster purity: 0.801,  NMI: 0.474
  → Y-cluster purity: 0.952,  NMI: 0.826
    BKM          MAE = 0.0099
    BKM_soft     MAE = 0.0108
    GNNBridge    MAE = 0.0100
    KNN          MAE = 0.0099
 Trial 7/10:
  → X-cluster purity: 0.801,  NMI: 0.474
  → Y-cluster purity: 0.940,  NMI: 0.779
    BKM          MAE = 0.0101
    BKM_soft     MAE = 0.0108
    GNNBridge    MAE = 0.0098
    KNN          MAE = 0.0102
 Trial 8/10:
  → X-cluster purity: 0.801,  NMI: 0.474
  → Y-cluster purity: 0.916,  NMI: 0.731
    BKM          MAE = 0.0112
    BKM_soft     MAE = 0.0112
    GNNBridge    MAE = 0.0112
    KNN          MAE = 0.0126
 Trial 9/10:
  → X-cluster purity: 0.801,  NMI: 0.474
  → Y-cluster purity: 0.940,  NMI: 0.779
    BKM          MAE = 0.0111
    BKM_soft     MAE = 0.0112
    GNNBridge    MAE = 0.0107
    KNN          MAE = 0.0131
 Trial 10/10:
  → X-cluster purity: 0.801,  NMI: 0.474
  → Y-cluster purity: 0.880,  NMI: 0.646
    BKM          MAE = 0.0098
    BKM_soft     MAE = 0.0107
    GNNBridge    MAE = 0.0100
    KNN          MAE = 0.0135
 → AVERAGES for 2.05%:
    BKM          avg MAE = 0.0103
    BKM_soft     avg MAE = 0.0109
    GNNBridge    avg MAE = 0.0102
    KNN          avg MAE = 0.0115

=== SUMMARY TABLE for 3 clusters ===
               BKM  BKM_soft  GNNBridge       KNN
sup_frac                                         
2.05%     0.010343  0.010923   0.010234  0.011472
['3 clusters']
['2% sup']
2025-05-25 06:35:19.945 python[63054:27001731] The class 'NSSavePanel' overrides the method identifier.  This method is implemented by class 'NSWindow'
(briclu2) pierrelabroche@DN0a1f2585 template_experiment$ python pierre_template.py

=== RUNNING for 3 clusters ===
→ Using cuisines for 3 clusters: ['pizza', 'sashimi', 'ramen']
Encoding images: 100%|█████████████████████████████████████████████████████████████████████████████████████████████████████████████████████████████████████████████████████████████████████████████████████████████████████████████████████████████████████████████████████████████████| 146/146 [00:12<00:00, 11.43it/s]

-- Supervision = 2.05% --
 Trial 1/20:
  → X-cluster purity: 0.801,  NMI: 0.474
  → Y-cluster purity: 0.904,  NMI: 0.698
Intel MKL WARNING: Support of Intel(R) Streaming SIMD Extensions 4.2 (Intel(R) SSE4.2) enabled only processors has been deprecated. Intel oneAPI Math Kernel Library 2025.0 will require Intel(R) Advanced Vector Extensions (Intel(R) AVX) instructions.
    BKM          MAE = 0.0108
    BKM_soft     MAE = 0.0111
    GNNBridge    MAE = 0.0101
    KNN          MAE = 0.0132
 Trial 2/20:
  → X-cluster purity: 0.801,  NMI: 0.474
  → Y-cluster purity: 0.952,  NMI: 0.827
    BKM          MAE = 0.0100
    BKM_soft     MAE = 0.0108
    GNNBridge    MAE = 0.0100
    KNN          MAE = 0.0117
 Trial 3/20:
  → X-cluster purity: 0.801,  NMI: 0.474
  → Y-cluster purity: 0.916,  NMI: 0.723
    BKM          MAE = 0.0098
    BKM_soft     MAE = 0.0107
    GNNBridge    MAE = 0.0099
    KNN          MAE = 0.0095
 Trial 4/20:
  → X-cluster purity: 0.801,  NMI: 0.474
  → Y-cluster purity: 0.916,  NMI: 0.723
    BKM          MAE = 0.0102
    BKM_soft     MAE = 0.0109
    GNNBridge    MAE = 0.0103
    KNN          MAE = 0.0113
 Trial 5/20:
  → X-cluster purity: 0.801,  NMI: 0.474
  → Y-cluster purity: 0.952,  NMI: 0.842
    BKM          MAE = 0.0107
    BKM_soft     MAE = 0.0111
    GNNBridge    MAE = 0.0103
    KNN          MAE = 0.0097
 Trial 6/20:
  → X-cluster purity: 0.801,  NMI: 0.474
  → Y-cluster purity: 0.952,  NMI: 0.826
    BKM          MAE = 0.0099
    BKM_soft     MAE = 0.0108
    GNNBridge    MAE = 0.0100
    KNN          MAE = 0.0099
 Trial 7/20:
  → X-cluster purity: 0.801,  NMI: 0.474
  → Y-cluster purity: 0.940,  NMI: 0.779
    BKM          MAE = 0.0101
    BKM_soft     MAE = 0.0108
    GNNBridge    MAE = 0.0098
    KNN          MAE = 0.0102
 Trial 8/20:
  → X-cluster purity: 0.801,  NMI: 0.474
  → Y-cluster purity: 0.916,  NMI: 0.731
    BKM          MAE = 0.0112
    BKM_soft     MAE = 0.0112
    GNNBridge    MAE = 0.0112
    KNN          MAE = 0.0126
 Trial 9/20:
  → X-cluster purity: 0.801,  NMI: 0.474
  → Y-cluster purity: 0.940,  NMI: 0.779
    BKM          MAE = 0.0110
    BKM_soft     MAE = 0.0112
    GNNBridge    MAE = 0.0107
    KNN          MAE = 0.0131
 Trial 10/20:
  → X-cluster purity: 0.801,  NMI: 0.474
  → Y-cluster purity: 0.880,  NMI: 0.646
    BKM          MAE = 0.0098
    BKM_soft     MAE = 0.0108
    GNNBridge    MAE = 0.0099
    KNN          MAE = 0.0135
 Trial 11/20:
  → X-cluster purity: 0.801,  NMI: 0.474
  → Y-cluster purity: 0.916,  NMI: 0.739
    BKM          MAE = 0.0097
    BKM_soft     MAE = 0.0107
    GNNBridge    MAE = 0.0105
    KNN          MAE = 0.0112
 Trial 12/20:
  → X-cluster purity: 0.801,  NMI: 0.474
  → Y-cluster purity: 0.928,  NMI: 0.747
    BKM          MAE = 0.0097
    BKM_soft     MAE = 0.0106
    GNNBridge    MAE = 0.0098
    KNN          MAE = 0.0092
 Trial 13/20:
  → X-cluster purity: 0.801,  NMI: 0.474
  → Y-cluster purity: 0.916,  NMI: 0.703
    BKM          MAE = 0.0097
    BKM_soft     MAE = 0.0107
    GNNBridge    MAE = 0.0105
    KNN          MAE = 0.0102
 Trial 14/20:
  → X-cluster purity: 0.801,  NMI: 0.474
  → Y-cluster purity: 0.916,  NMI: 0.737
    BKM          MAE = 0.0100
    BKM_soft     MAE = 0.0108
    GNNBridge    MAE = 0.0109
    KNN          MAE = 0.0107
 Trial 15/20:
  → X-cluster purity: 0.801,  NMI: 0.474
  → Y-cluster purity: 0.952,  NMI: 0.826
    BKM          MAE = 0.0114
    BKM_soft     MAE = 0.0114
    GNNBridge    MAE = 0.0112
    KNN          MAE = 0.0104
 Trial 16/20:
  → X-cluster purity: 0.801,  NMI: 0.474
  → Y-cluster purity: 0.928,  NMI: 0.754
    BKM          MAE = 0.0101
    BKM_soft     MAE = 0.0108
    GNNBridge    MAE = 0.0106
    KNN          MAE = 0.0109
 Trial 17/20:
  → X-cluster purity: 0.801,  NMI: 0.474
  → Y-cluster purity: 0.952,  NMI: 0.827
    BKM          MAE = 0.0103
    BKM_soft     MAE = 0.0110
    GNNBridge    MAE = 0.0103
    KNN          MAE = 0.0122
 Trial 18/20:
  → X-cluster purity: 0.801,  NMI: 0.474
  → Y-cluster purity: 0.916,  NMI: 0.722
    BKM          MAE = 0.0105
    BKM_soft     MAE = 0.0111
    GNNBridge    MAE = 0.0106
    KNN          MAE = 0.0116
 Trial 19/20:
  → X-cluster purity: 0.801,  NMI: 0.474
  → Y-cluster purity: 0.928,  NMI: 0.754
    BKM          MAE = 0.0098
    BKM_soft     MAE = 0.0107
    GNNBridge    MAE = 0.0101
    KNN          MAE = 0.0108
 Trial 20/20:
  → X-cluster purity: 0.801,  NMI: 0.474
  → Y-cluster purity: 0.916,  NMI: 0.739
    BKM          MAE = 0.0118
    BKM_soft     MAE = 0.0115
    GNNBridge    MAE = 0.0114
    KNN          MAE = 0.0134
 → AVERAGES for 2.05%:
    BKM          avg MAE = 0.0103
    BKM_soft     avg MAE = 0.0109
    GNNBridge    avg MAE = 0.0104
    KNN          avg MAE = 0.0113

=== SUMMARY TABLE for 3 clusters ===
               BKM  BKM_soft  GNNBridge       KNN
sup_frac                                         
2.05%     0.010323  0.010925   0.010417  0.011265
['3 clusters']
['2% sup']
2025-05-25 06:42:33.973 python[63327:27007607] The class 'NSSavePanel' overrides the method identifier.  This method is implemented by class 'NSWindow'
(briclu2) pierrelabroche@DN0a1f2585 template_experiment$ python pierre_template.py

=== RUNNING for 3 clusters ===
→ Using cuisines for 3 clusters: ['pizza', 'sashimi', 'ramen']
Encoding images: 100%|█████████████████████████████████████████████████████████████████████████████████████████████████████████████████████████████████████████████████████████████████████████████████████████████████████████████████████████████████████████████████████████████████| 146/146 [00:12<00:00, 11.49it/s]

-- Supervision = 2.05% --
 Trial 1/100:
  → X-cluster purity: 0.801,  NMI: 0.474
  → Y-cluster purity: 0.904,  NMI: 0.698
Intel MKL WARNING: Support of Intel(R) Streaming SIMD Extensions 4.2 (Intel(R) SSE4.2) enabled only processors has been deprecated. Intel oneAPI Math Kernel Library 2025.0 will require Intel(R) Advanced Vector Extensions (Intel(R) AVX) instructions.
    BKM          MAE = 0.0108
    BKM_soft     MAE = 0.0111
    GNNBridge    MAE = 0.0101
    KNN          MAE = 0.0132
 Trial 2/100:
  → X-cluster purity: 0.801,  NMI: 0.474
  → Y-cluster purity: 0.952,  NMI: 0.827
    BKM          MAE = 0.0100
    BKM_soft     MAE = 0.0107
    GNNBridge    MAE = 0.0100
    KNN          MAE = 0.0117
 Trial 3/100:
  → X-cluster purity: 0.801,  NMI: 0.474
  → Y-cluster purity: 0.916,  NMI: 0.723
    BKM          MAE = 0.0098
    BKM_soft     MAE = 0.0107
    GNNBridge    MAE = 0.0099
    KNN          MAE = 0.0095
 Trial 4/100:
  → X-cluster purity: 0.801,  NMI: 0.474
  → Y-cluster purity: 0.916,  NMI: 0.723
    BKM          MAE = 0.0102
    BKM_soft     MAE = 0.0109
    GNNBridge    MAE = 0.0103
    KNN          MAE = 0.0113
 Trial 5/100:
  → X-cluster purity: 0.801,  NMI: 0.474
  → Y-cluster purity: 0.952,  NMI: 0.842
    BKM          MAE = 0.0106
    BKM_soft     MAE = 0.0110
    GNNBridge    MAE = 0.0103
    KNN          MAE = 0.0097
 Trial 6/100:
  → X-cluster purity: 0.801,  NMI: 0.474
  → Y-cluster purity: 0.952,  NMI: 0.826
    BKM          MAE = 0.0099
    BKM_soft     MAE = 0.0108
    GNNBridge    MAE = 0.0100
    KNN          MAE = 0.0099
 Trial 7/100:
  → X-cluster purity: 0.801,  NMI: 0.474
  → Y-cluster purity: 0.940,  NMI: 0.779
    BKM          MAE = 0.0101
    BKM_soft     MAE = 0.0108
    GNNBridge    MAE = 0.0098
    KNN          MAE = 0.0102
 Trial 8/100:
  → X-cluster purity: 0.801,  NMI: 0.474
  → Y-cluster purity: 0.916,  NMI: 0.731
    BKM          MAE = 0.0112
    BKM_soft     MAE = 0.0112
    GNNBridge    MAE = 0.0112
    KNN          MAE = 0.0126
 Trial 9/100:
  → X-cluster purity: 0.801,  NMI: 0.474
  → Y-cluster purity: 0.940,  NMI: 0.779
    BKM          MAE = 0.0110
    BKM_soft     MAE = 0.0112
    GNNBridge    MAE = 0.0107
    KNN          MAE = 0.0131
 Trial 10/100:
  → X-cluster purity: 0.801,  NMI: 0.474
  → Y-cluster purity: 0.880,  NMI: 0.646
    BKM          MAE = 0.0098
    BKM_soft     MAE = 0.0108
    GNNBridge    MAE = 0.0100
    KNN          MAE = 0.0135
 Trial 11/100:
  → X-cluster purity: 0.801,  NMI: 0.474
  → Y-cluster purity: 0.916,  NMI: 0.739
    BKM          MAE = 0.0098
    BKM_soft     MAE = 0.0107
    GNNBridge    MAE = 0.0105
    KNN          MAE = 0.0112
 Trial 12/100:
  → X-cluster purity: 0.801,  NMI: 0.474
  → Y-cluster purity: 0.928,  NMI: 0.747
    BKM          MAE = 0.0097
    BKM_soft     MAE = 0.0106
    GNNBridge    MAE = 0.0098
    KNN          MAE = 0.0092
 Trial 13/100:
  → X-cluster purity: 0.801,  NMI: 0.474
  → Y-cluster purity: 0.916,  NMI: 0.703
    BKM          MAE = 0.0096
    BKM_soft     MAE = 0.0106
    GNNBridge    MAE = 0.0105
    KNN          MAE = 0.0102
 Trial 14/100:
  → X-cluster purity: 0.801,  NMI: 0.474
  → Y-cluster purity: 0.916,  NMI: 0.737
    BKM          MAE = 0.0100
    BKM_soft     MAE = 0.0109
    GNNBridge    MAE = 0.0109
    KNN          MAE = 0.0107
 Trial 15/100:
  → X-cluster purity: 0.801,  NMI: 0.474
  → Y-cluster purity: 0.952,  NMI: 0.826
    BKM          MAE = 0.0114
    BKM_soft     MAE = 0.0114
    GNNBridge    MAE = 0.0112
    KNN          MAE = 0.0104
 Trial 16/100:
  → X-cluster purity: 0.801,  NMI: 0.474
  → Y-cluster purity: 0.928,  NMI: 0.754
    BKM          MAE = 0.0101
    BKM_soft     MAE = 0.0109
    GNNBridge    MAE = 0.0106
    KNN          MAE = 0.0109
 Trial 17/100:
  → X-cluster purity: 0.801,  NMI: 0.474
  → Y-cluster purity: 0.952,  NMI: 0.827
    BKM          MAE = 0.0103
    BKM_soft     MAE = 0.0110
    GNNBridge    MAE = 0.0103
    KNN          MAE = 0.0122
 Trial 18/100:
  → X-cluster purity: 0.801,  NMI: 0.474
  → Y-cluster purity: 0.916,  NMI: 0.722
    BKM          MAE = 0.0105
    BKM_soft     MAE = 0.0111
    GNNBridge    MAE = 0.0106
    KNN          MAE = 0.0116
 Trial 19/100:
  → X-cluster purity: 0.801,  NMI: 0.474
  → Y-cluster purity: 0.928,  NMI: 0.754
    BKM          MAE = 0.0098
    BKM_soft     MAE = 0.0108
    GNNBridge    MAE = 0.0101
    KNN          MAE = 0.0108
 Trial 20/100:
  → X-cluster purity: 0.801,  NMI: 0.474
  → Y-cluster purity: 0.916,  NMI: 0.739
    BKM          MAE = 0.0120
    BKM_soft     MAE = 0.0116
    GNNBridge    MAE = 0.0116
    KNN          MAE = 0.0134
 Trial 21/100:
  → X-cluster purity: 0.801,  NMI: 0.474
  → Y-cluster purity: 0.916,  NMI: 0.721
    BKM          MAE = 0.0110
    BKM_soft     MAE = 0.0112
    GNNBridge    MAE = 0.0098
    KNN          MAE = 0.0088
 Trial 22/100:
  → X-cluster purity: 0.801,  NMI: 0.474
  → Y-cluster purity: 0.880,  NMI: 0.624
    BKM          MAE = 0.0102
    BKM_soft     MAE = 0.0110
    GNNBridge    MAE = 0.0107
    KNN          MAE = 0.0104
 Trial 23/100:
  → X-cluster purity: 0.801,  NMI: 0.474
  → Y-cluster purity: 0.952,  NMI: 0.826
    BKM          MAE = 0.0121
    BKM_soft     MAE = 0.0116
    GNNBridge    MAE = 0.0122
    KNN          MAE = 0.0128
 Trial 24/100:
  → X-cluster purity: 0.801,  NMI: 0.474
  → Y-cluster purity: 0.880,  NMI: 0.623
    BKM          MAE = 0.0098
    BKM_soft     MAE = 0.0107
    GNNBridge    MAE = 0.0108
    KNN          MAE = 0.0115
 Trial 25/100:
  → X-cluster purity: 0.801,  NMI: 0.474
  → Y-cluster purity: 0.928,  NMI: 0.790
    BKM          MAE = 0.0109
    BKM_soft     MAE = 0.0112
    GNNBridge    MAE = 0.0105
    KNN          MAE = 0.0117
 Trial 26/100:
  → X-cluster purity: 0.801,  NMI: 0.474
  → Y-cluster purity: 0.952,  NMI: 0.827
    BKM          MAE = 0.0101
    BKM_soft     MAE = 0.0109
    GNNBridge    MAE = 0.0101
    KNN          MAE = 0.0089
 Trial 27/100:
  → X-cluster purity: 0.801,  NMI: 0.474
  → Y-cluster purity: 0.916,  NMI: 0.733
    BKM          MAE = 0.0101
    BKM_soft     MAE = 0.0109
    GNNBridge    MAE = 0.0100
    KNN          MAE = 0.0102
 Trial 28/100:
  → X-cluster purity: 0.801,  NMI: 0.474
  → Y-cluster purity: 0.892,  NMI: 0.651
    BKM          MAE = 0.0100
    BKM_soft     MAE = 0.0108
    GNNBridge    MAE = 0.0099
    KNN          MAE = 0.0122
 Trial 29/100:
  → X-cluster purity: 0.801,  NMI: 0.474
  → Y-cluster purity: 0.940,  NMI: 0.794
    BKM          MAE = 0.0115
    BKM_soft     MAE = 0.0113
    GNNBridge    MAE = 0.0114
    KNN          MAE = 0.0137
 Trial 30/100:
  → X-cluster purity: 0.801,  NMI: 0.474
  → Y-cluster purity: 0.928,  NMI: 0.777
    BKM          MAE = 0.0099
    BKM_soft     MAE = 0.0107
    GNNBridge    MAE = 0.0100
    KNN          MAE = 0.0090
 Trial 31/100:
  → X-cluster purity: 0.801,  NMI: 0.474
  → Y-cluster purity: 0.904,  NMI: 0.693
    BKM          MAE = 0.0112
    BKM_soft     MAE = 0.0113
    GNNBridge    MAE = 0.0113
    KNN          MAE = 0.0138
 Trial 32/100:
  → X-cluster purity: 0.801,  NMI: 0.474
  → Y-cluster purity: 0.916,  NMI: 0.702
    BKM          MAE = 0.0100
    BKM_soft     MAE = 0.0108
    GNNBridge    MAE = 0.0109
    KNN          MAE = 0.0115
 Trial 33/100:
  → X-cluster purity: 0.801,  NMI: 0.474
  → Y-cluster purity: 0.916,  NMI: 0.724
    BKM          MAE = 0.0101
    BKM_soft     MAE = 0.0108
    GNNBridge    MAE = 0.0105
    KNN          MAE = 0.0107
 Trial 34/100:
  → X-cluster purity: 0.801,  NMI: 0.474
  → Y-cluster purity: 0.771,  NMI: 0.472
    BKM          MAE = 0.0122
    BKM_soft     MAE = 0.0119
    GNNBridge    MAE = 0.0113
    KNN          MAE = 0.0124
 Trial 35/100:
  → X-cluster purity: 0.801,  NMI: 0.474
  → Y-cluster purity: 0.843,  NMI: 0.572
    BKM          MAE = 0.0102
    BKM_soft     MAE = 0.0109
    GNNBridge    MAE = 0.0108
    KNN          MAE = 0.0100
 Trial 36/100:
  → X-cluster purity: 0.801,  NMI: 0.474
  → Y-cluster purity: 0.892,  NMI: 0.673
    BKM          MAE = 0.0098
    BKM_soft     MAE = 0.0107
    GNNBridge    MAE = 0.0104
    KNN          MAE = 0.0139
 Trial 37/100:
  → X-cluster purity: 0.801,  NMI: 0.474
  → Y-cluster purity: 0.880,  NMI: 0.668
    BKM          MAE = 0.0105
    BKM_soft     MAE = 0.0111
    GNNBridge    MAE = 0.0110
    KNN          MAE = 0.0102
 Trial 38/100:
  → X-cluster purity: 0.801,  NMI: 0.474
  → Y-cluster purity: 0.880,  NMI: 0.605
    BKM          MAE = 0.0099
    BKM_soft     MAE = 0.0108
    GNNBridge    MAE = 0.0109
    KNN          MAE = 0.0143
 Trial 39/100:
  → X-cluster purity: 0.801,  NMI: 0.474
  → Y-cluster purity: 0.867,  NMI: 0.651
    BKM          MAE = 0.0113
    BKM_soft     MAE = 0.0113
    GNNBridge    MAE = 0.0110
    KNN          MAE = 0.0114
 Trial 40/100:
  → X-cluster purity: 0.801,  NMI: 0.474
  → Y-cluster purity: 0.904,  NMI: 0.693
    BKM          MAE = 0.0098
    BKM_soft     MAE = 0.0107
    GNNBridge    MAE = 0.0104
    KNN          MAE = 0.0108
 Trial 41/100:
  → X-cluster purity: 0.801,  NMI: 0.474
  → Y-cluster purity: 0.940,  NMI: 0.779
    BKM          MAE = 0.0099
    BKM_soft     MAE = 0.0108
    GNNBridge    MAE = 0.0103
    KNN          MAE = 0.0125
 Trial 42/100:
  → X-cluster purity: 0.801,  NMI: 0.474
  → Y-cluster purity: 0.976,  NMI: 0.905
    BKM          MAE = 0.0106
    BKM_soft     MAE = 0.0110
    GNNBridge    MAE = 0.0102
    KNN          MAE = 0.0108
 Trial 43/100:
  → X-cluster purity: 0.801,  NMI: 0.474
  → Y-cluster purity: 0.880,  NMI: 0.621
    BKM          MAE = 0.0103
    BKM_soft     MAE = 0.0110
    GNNBridge    MAE = 0.0104
    KNN          MAE = 0.0126
 Trial 44/100:
  → X-cluster purity: 0.801,  NMI: 0.474
  → Y-cluster purity: 0.916,  NMI: 0.787
    BKM          MAE = 0.0097
    BKM_soft     MAE = 0.0107
    GNNBridge    MAE = 0.0099
    KNN          MAE = 0.0102
 Trial 45/100:
  → X-cluster purity: 0.801,  NMI: 0.474
  → Y-cluster purity: 0.892,  NMI: 0.678
    BKM          MAE = 0.0100
    BKM_soft     MAE = 0.0108
    GNNBridge    MAE = 0.0111
    KNN          MAE = 0.0158
 Trial 46/100:
  → X-cluster purity: 0.801,  NMI: 0.474
  → Y-cluster purity: 0.916,  NMI: 0.748
    BKM          MAE = 0.0102
    BKM_soft     MAE = 0.0109
    GNNBridge    MAE = 0.0102
    KNN          MAE = 0.0121
 Trial 47/100:
  → X-cluster purity: 0.801,  NMI: 0.474
  → Y-cluster purity: 0.940,  NMI: 0.815
    BKM          MAE = 0.0099
    BKM_soft     MAE = 0.0108
    GNNBridge    MAE = 0.0100
    KNN          MAE = 0.0106
 Trial 48/100:
  → X-cluster purity: 0.801,  NMI: 0.474
  → Y-cluster purity: 0.843,  NMI: 0.565
    BKM          MAE = 0.0099
    BKM_soft     MAE = 0.0108
    GNNBridge    MAE = 0.0100
    KNN          MAE = 0.0102
 Trial 49/100:
  → X-cluster purity: 0.801,  NMI: 0.474
  → Y-cluster purity: 0.976,  NMI: 0.905
    BKM          MAE = 0.0097
    BKM_soft     MAE = 0.0107
    GNNBridge    MAE = 0.0098
    KNN          MAE = 0.0079
 Trial 50/100:
  → X-cluster purity: 0.801,  NMI: 0.474
  → Y-cluster purity: 0.892,  NMI: 0.644
    BKM          MAE = 0.0105
    BKM_soft     MAE = 0.0110
    GNNBridge    MAE = 0.0114
    KNN          MAE = 0.0084
 Trial 51/100:
  → X-cluster purity: 0.801,  NMI: 0.474
  → Y-cluster purity: 0.928,  NMI: 0.768
    BKM          MAE = 0.0100
    BKM_soft     MAE = 0.0108
    GNNBridge    MAE = 0.0105
    KNN          MAE = 0.0096
 Trial 52/100:
  → X-cluster purity: 0.801,  NMI: 0.474
  → Y-cluster purity: 0.928,  NMI: 0.765
    BKM          MAE = 0.0100
    BKM_soft     MAE = 0.0109
    GNNBridge    MAE = 0.0103
    KNN          MAE = 0.0118
 Trial 53/100:
  → X-cluster purity: 0.801,  NMI: 0.474
  → Y-cluster purity: 0.916,  NMI: 0.722
    BKM          MAE = 0.0097
    BKM_soft     MAE = 0.0107
    GNNBridge    MAE = 0.0098
    KNN          MAE = 0.0099
 Trial 54/100:
  → X-cluster purity: 0.801,  NMI: 0.474
  → Y-cluster purity: 0.976,  NMI: 0.905
    BKM          MAE = 0.0099
    BKM_soft     MAE = 0.0107
    GNNBridge    MAE = 0.0103
    KNN          MAE = 0.0103
 Trial 55/100:
  → X-cluster purity: 0.801,  NMI: 0.474
  → Y-cluster purity: 0.964,  NMI: 0.858
    BKM          MAE = 0.0103
    BKM_soft     MAE = 0.0110
    GNNBridge    MAE = 0.0102
    KNN          MAE = 0.0105
 Trial 56/100:
  → X-cluster purity: 0.801,  NMI: 0.474
  → Y-cluster purity: 0.904,  NMI: 0.699
    BKM          MAE = 0.0119
    BKM_soft     MAE = 0.0116
    GNNBridge    MAE = 0.0115
    KNN          MAE = 0.0115
 Trial 57/100:
  → X-cluster purity: 0.801,  NMI: 0.474
  → Y-cluster purity: 0.928,  NMI: 0.768
    BKM          MAE = 0.0101
    BKM_soft     MAE = 0.0108
    GNNBridge    MAE = 0.0107
    KNN          MAE = 0.0098
 Trial 58/100:
  → X-cluster purity: 0.801,  NMI: 0.474
  → Y-cluster purity: 0.892,  NMI: 0.644
    BKM          MAE = 0.0099
    BKM_soft     MAE = 0.0107
    GNNBridge    MAE = 0.0104
    KNN          MAE = 0.0091
 Trial 59/100:
  → X-cluster purity: 0.801,  NMI: 0.474
  → Y-cluster purity: 0.892,  NMI: 0.645
    BKM          MAE = 0.0097
    BKM_soft     MAE = 0.0107
    GNNBridge    MAE = 0.0099
    KNN          MAE = 0.0100
 Trial 60/100:
  → X-cluster purity: 0.801,  NMI: 0.474
  → Y-cluster purity: 0.928,  NMI: 0.747
    BKM          MAE = 0.0110
    BKM_soft     MAE = 0.0112
    GNNBridge    MAE = 0.0112
    KNN          MAE = 0.0108
 Trial 61/100:
  → X-cluster purity: 0.801,  NMI: 0.474
  → Y-cluster purity: 0.952,  NMI: 0.826
    BKM          MAE = 0.0113
    BKM_soft     MAE = 0.0114
    GNNBridge    MAE = 0.0116
    KNN          MAE = 0.0134
 Trial 62/100:
  → X-cluster purity: 0.801,  NMI: 0.474
  → Y-cluster purity: 0.916,  NMI: 0.718
    BKM          MAE = 0.0097
    BKM_soft     MAE = 0.0107
    GNNBridge    MAE = 0.0097
    KNN          MAE = 0.0110
 Trial 63/100:
  → X-cluster purity: 0.801,  NMI: 0.474
  → Y-cluster purity: 0.952,  NMI: 0.811
    BKM          MAE = 0.0099
    BKM_soft     MAE = 0.0107
    GNNBridge    MAE = 0.0099
    KNN          MAE = 0.0098
 Trial 64/100:
  → X-cluster purity: 0.801,  NMI: 0.474
  → Y-cluster purity: 0.892,  NMI: 0.667
    BKM          MAE = 0.0105
    BKM_soft     MAE = 0.0110
    GNNBridge    MAE = 0.0104
    KNN          MAE = 0.0125
 Trial 65/100:
  → X-cluster purity: 0.801,  NMI: 0.474
  → Y-cluster purity: 0.916,  NMI: 0.722
    BKM          MAE = 0.0111
    BKM_soft     MAE = 0.0113
    GNNBridge    MAE = 0.0113
    KNN          MAE = 0.0095
 Trial 66/100:
  → X-cluster purity: 0.801,  NMI: 0.474
  → Y-cluster purity: 0.855,  NMI: 0.572
    BKM          MAE = 0.0101
    BKM_soft     MAE = 0.0109
    GNNBridge    MAE = 0.0105
    KNN          MAE = 0.0103
 Trial 67/100:
  → X-cluster purity: 0.801,  NMI: 0.474
  → Y-cluster purity: 0.964,  NMI: 0.858
    BKM          MAE = 0.0102
    BKM_soft     MAE = 0.0109
    GNNBridge    MAE = 0.0102
    KNN          MAE = 0.0102
 Trial 68/100:
  → X-cluster purity: 0.801,  NMI: 0.474
  → Y-cluster purity: 0.867,  NMI: 0.611
    BKM          MAE = 0.0103
    BKM_soft     MAE = 0.0110
    GNNBridge    MAE = 0.0111
    KNN          MAE = 0.0097
 Trial 69/100:
  → X-cluster purity: 0.801,  NMI: 0.474
  → Y-cluster purity: 0.928,  NMI: 0.778
    BKM          MAE = 0.0100
    BKM_soft     MAE = 0.0109
    GNNBridge    MAE = 0.0102
    KNN          MAE = 0.0117
 Trial 70/100:
  → X-cluster purity: 0.801,  NMI: 0.474
  → Y-cluster purity: 0.952,  NMI: 0.827
    BKM          MAE = 0.0102
    BKM_soft     MAE = 0.0109
    GNNBridge    MAE = 0.0102
    KNN          MAE = 0.0115
 Trial 71/100:
  → X-cluster purity: 0.801,  NMI: 0.474
  → Y-cluster purity: 0.952,  NMI: 0.812
    BKM          MAE = 0.0099
    BKM_soft     MAE = 0.0107
    GNNBridge    MAE = 0.0104
    KNN          MAE = 0.0100
 Trial 72/100:
  → X-cluster purity: 0.801,  NMI: 0.474
  → Y-cluster purity: 0.928,  NMI: 0.749
    BKM          MAE = 0.0097
    BKM_soft     MAE = 0.0107
    GNNBridge    MAE = 0.0101
    KNN          MAE = 0.0108
 Trial 73/100:
  → X-cluster purity: 0.801,  NMI: 0.474
  → Y-cluster purity: 0.867,  NMI: 0.592
    BKM          MAE = 0.0100
    BKM_soft     MAE = 0.0108
    GNNBridge    MAE = 0.0103
    KNN          MAE = 0.0112
 Trial 74/100:
  → X-cluster purity: 0.801,  NMI: 0.474
  → Y-cluster purity: 0.867,  NMI: 0.600
    BKM          MAE = 0.0102
    BKM_soft     MAE = 0.0110
    GNNBridge    MAE = 0.0103
    KNN          MAE = 0.0135
 Trial 75/100:
  → X-cluster purity: 0.801,  NMI: 0.474
  → Y-cluster purity: 0.940,  NMI: 0.795
    BKM          MAE = 0.0101
    BKM_soft     MAE = 0.0108
    GNNBridge    MAE = 0.0102
    KNN          MAE = 0.0105
 Trial 76/100:
  → X-cluster purity: 0.801,  NMI: 0.474
  → Y-cluster purity: 0.916,  NMI: 0.724
    BKM          MAE = 0.0121
    BKM_soft     MAE = 0.0117
    GNNBridge    MAE = 0.0113
    KNN          MAE = 0.0107
 Trial 77/100:
  → X-cluster purity: 0.801,  NMI: 0.474
  → Y-cluster purity: 0.904,  NMI: 0.675
    BKM          MAE = 0.0098
    BKM_soft     MAE = 0.0108
    GNNBridge    MAE = 0.0103
    KNN          MAE = 0.0096
 Trial 78/100:
  → X-cluster purity: 0.801,  NMI: 0.474
  → Y-cluster purity: 0.819,  NMI: 0.488
    BKM          MAE = 0.0104
    BKM_soft     MAE = 0.0111
    GNNBridge    MAE = 0.0109
    KNN          MAE = 0.0136
 Trial 79/100:
  → X-cluster purity: 0.801,  NMI: 0.474
  → Y-cluster purity: 0.916,  NMI: 0.739
    BKM          MAE = 0.0102
    BKM_soft     MAE = 0.0109
    GNNBridge    MAE = 0.0108
    KNN          MAE = 0.0152
 Trial 80/100:
  → X-cluster purity: 0.801,  NMI: 0.474
  → Y-cluster purity: 0.843,  NMI: 0.553
    BKM          MAE = 0.0122
    BKM_soft     MAE = 0.0118
    GNNBridge    MAE = 0.0127
    KNN          MAE = 0.0100
 Trial 81/100:
  → X-cluster purity: 0.801,  NMI: 0.474
  → Y-cluster purity: 0.904,  NMI: 0.674
    BKM          MAE = 0.0103
    BKM_soft     MAE = 0.0109
    GNNBridge    MAE = 0.0109
    KNN          MAE = 0.0095
 Trial 82/100:
  → X-cluster purity: 0.801,  NMI: 0.474
  → Y-cluster purity: 0.904,  NMI: 0.685
    BKM          MAE = 0.0096
    BKM_soft     MAE = 0.0106
    GNNBridge    MAE = 0.0101
    KNN          MAE = 0.0082
 Trial 83/100:
  → X-cluster purity: 0.801,  NMI: 0.474
  → Y-cluster purity: 0.880,  NMI: 0.624
    BKM          MAE = 0.0103
    BKM_soft     MAE = 0.0110
    GNNBridge    MAE = 0.0104
    KNN          MAE = 0.0116
 Trial 84/100:
  → X-cluster purity: 0.801,  NMI: 0.474
  → Y-cluster purity: 0.880,  NMI: 0.646
    BKM          MAE = 0.0105
    BKM_soft     MAE = 0.0110
    GNNBridge    MAE = 0.0100
    KNN          MAE = 0.0107
 Trial 85/100:
  → X-cluster purity: 0.801,  NMI: 0.474
  → Y-cluster purity: 0.867,  NMI: 0.647
    BKM          MAE = 0.0104
    BKM_soft     MAE = 0.0110
    GNNBridge    MAE = 0.0115
    KNN          MAE = 0.0119
 Trial 86/100:
  → X-cluster purity: 0.801,  NMI: 0.474
  → Y-cluster purity: 0.964,  NMI: 0.858
    BKM          MAE = 0.0100
    BKM_soft     MAE = 0.0108
    GNNBridge    MAE = 0.0103
    KNN          MAE = 0.0096
 Trial 87/100:
  → X-cluster purity: 0.801,  NMI: 0.474
  → Y-cluster purity: 0.867,  NMI: 0.591
    BKM          MAE = 0.0104
    BKM_soft     MAE = 0.0110
    GNNBridge    MAE = 0.0096
    KNN          MAE = 0.0091
 Trial 88/100:
  → X-cluster purity: 0.801,  NMI: 0.474
  → Y-cluster purity: 0.928,  NMI: 0.770
    BKM          MAE = 0.0101
    BKM_soft     MAE = 0.0109
    GNNBridge    MAE = 0.0101
    KNN          MAE = 0.0123
 Trial 89/100:
  → X-cluster purity: 0.801,  NMI: 0.474
  → Y-cluster purity: 0.928,  NMI: 0.749
    BKM          MAE = 0.0100
    BKM_soft     MAE = 0.0108
    GNNBridge    MAE = 0.0101
    KNN          MAE = 0.0120
 Trial 90/100:
  → X-cluster purity: 0.801,  NMI: 0.474
  → Y-cluster purity: 0.928,  NMI: 0.778
    BKM          MAE = 0.0101
    BKM_soft     MAE = 0.0109
    GNNBridge    MAE = 0.0102
    KNN          MAE = 0.0103
 Trial 91/100:
  → X-cluster purity: 0.801,  NMI: 0.474
  → Y-cluster purity: 0.880,  NMI: 0.639
    BKM          MAE = 0.0102
    BKM_soft     MAE = 0.0109
    GNNBridge    MAE = 0.0108
    KNN          MAE = 0.0127
 Trial 92/100:
  → X-cluster purity: 0.801,  NMI: 0.474
  → Y-cluster purity: 0.916,  NMI: 0.701
    BKM          MAE = 0.0099
    BKM_soft     MAE = 0.0107
    GNNBridge    MAE = 0.0108
    KNN          MAE = 0.0096
 Trial 93/100:
  → X-cluster purity: 0.801,  NMI: 0.474
  → Y-cluster purity: 0.952,  NMI: 0.827
    BKM          MAE = 0.0102
    BKM_soft     MAE = 0.0109
    GNNBridge    MAE = 0.0102
    KNN          MAE = 0.0128
 Trial 94/100:
  → X-cluster purity: 0.801,  NMI: 0.474
  → Y-cluster purity: 0.928,  NMI: 0.777
    BKM          MAE = 0.0099
    BKM_soft     MAE = 0.0108
    GNNBridge    MAE = 0.0100
    KNN          MAE = 0.0116
 Trial 95/100:
  → X-cluster purity: 0.801,  NMI: 0.474
  → Y-cluster purity: 0.916,  NMI: 0.702
    BKM          MAE = 0.0099
    BKM_soft     MAE = 0.0108
    GNNBridge    MAE = 0.0100
    KNN          MAE = 0.0111
 Trial 96/100:
  → X-cluster purity: 0.801,  NMI: 0.474
  → Y-cluster purity: 0.916,  NMI: 0.718
    BKM          MAE = 0.0102
    BKM_soft     MAE = 0.0109
    GNNBridge    MAE = 0.0102
    KNN          MAE = 0.0127
 Trial 97/100:
  → X-cluster purity: 0.801,  NMI: 0.474
  → Y-cluster purity: 0.940,  NMI: 0.817
    BKM          MAE = 0.0101
    BKM_soft     MAE = 0.0109
    GNNBridge    MAE = 0.0105
    KNN          MAE = 0.0115
 Trial 98/100:
  → X-cluster purity: 0.801,  NMI: 0.474
  → Y-cluster purity: 0.928,  NMI: 0.749
    BKM          MAE = 0.0100
    BKM_soft     MAE = 0.0108
    GNNBridge    MAE = 0.0103
    KNN          MAE = 0.0102
 Trial 99/100:
  → X-cluster purity: 0.801,  NMI: 0.474
  → Y-cluster purity: 0.940,  NMI: 0.765
    BKM          MAE = 0.0100
    BKM_soft     MAE = 0.0108
    GNNBridge    MAE = 0.0103
    KNN          MAE = 0.0091
 Trial 100/100:
  → X-cluster purity: 0.801,  NMI: 0.474
  → Y-cluster purity: 0.904,  NMI: 0.717
    BKM          MAE = 0.0105
    BKM_soft     MAE = 0.0110
    GNNBridge    MAE = 0.0098
    KNN          MAE = 0.0079
 → AVERAGES for 2.05%:
    BKM          avg MAE = 0.0103
    BKM_soft     avg MAE = 0.0109
    GNNBridge    avg MAE = 0.0105
    KNN          avg MAE = 0.0111

=== SUMMARY TABLE for 3 clusters ===
               BKM  BKM_soft  GNNBridge       KNN
sup_frac                                         
2.05%     0.010313  0.010945    0.01049  0.011066
['3 clusters']
['2% sup']
2025-05-25 07:03:30.218 python[63483:27011542] The class 'NSSavePanel' overrides the method identifier.  This method is implemented by class 'NSWindow'